<?xml version="1.0" encoding="UTF-8"?>
<testsuite xmlns:xsi="http://www.w3.org/2001/XMLSchema-instance" xsi:noNamespaceSchemaLocation="https://maven.apache.org/surefire/maven-surefire-plugin/xsd/surefire-test-report-3.0.xsd" version="3.0" name="SubsetSumTest" time="0.093" tests="19" errors="0" skipped="0" failures="0">
  <properties>
    <property name="sun.desktop" value="windows"/>
    <property name="awt.toolkit" value="sun.awt.windows.WToolkit"/>
    <property name="file.encoding.pkg" value="sun.io"/>
    <property name="java.specification.version" value="1.8"/>
    <property name="sun.cpu.isalist" value="amd64"/>
    <property name="sun.jnu.encoding" value="Cp1252"/>
    <property name="java.class.path" value="C:\Users\Ridouan Aicha\Documents\ZZ3\AAC\KnapsackAndSubsetSum\target\test-classes;C:\Users\Ridouan Aicha\Documents\ZZ3\AAC\KnapsackAndSubsetSum\target\classes;C:\Users\Ridouan Aicha\.m2\repository\org\junit\jupiter\junit-jupiter\5.8.2\junit-jupiter-5.8.2.jar;C:\Users\Ridouan Aicha\.m2\repository\org\junit\jupiter\junit-jupiter-api\5.8.2\junit-jupiter-api-5.8.2.jar;C:\Users\Ridouan Aicha\.m2\repository\org\opentest4j\opentest4j\1.2.0\opentest4j-1.2.0.jar;C:\Users\Ridouan Aicha\.m2\repository\org\junit\platform\junit-platform-commons\1.8.2\junit-platform-commons-1.8.2.jar;C:\Users\Ridouan Aicha\.m2\repository\org\apiguardian\apiguardian-api\1.1.2\apiguardian-api-1.1.2.jar;C:\Users\Ridouan Aicha\.m2\repository\org\junit\jupiter\junit-jupiter-params\5.8.2\junit-jupiter-params-5.8.2.jar;C:\Users\Ridouan Aicha\.m2\repository\org\junit\jupiter\junit-jupiter-engine\5.8.2\junit-jupiter-engine-5.8.2.jar;C:\Users\Ridouan Aicha\.m2\repository\org\junit\platform\junit-platform-engine\1.8.2\junit-platform-engine-1.8.2.jar;"/>
    <property name="java.vm.vendor" value="Oracle Corporation"/>
    <property name="sun.arch.data.model" value="64"/>
    <property name="user.variant" value=""/>
    <property name="java.vendor.url" value="http://java.oracle.com/"/>
    <property name="user.timezone" value="Europe/Berlin"/>
    <property name="java.vm.specification.version" value="1.8"/>
    <property name="os.name" value="Windows 10"/>
    <property name="user.country" value="US"/>
    <property name="sun.java.launcher" value="SUN_STANDARD"/>
    <property name="sun.boot.library.path" value="C:\Program Files\Java\jdk1.8.0_271\jre\bin"/>
    <property name="sun.java.command" value="C:\Users\Ridouan Aicha\AppData\Local\Temp\surefire7187747609110016495\surefirebooter8139049566127093405.jar C:\Users\Ridouan Aicha\AppData\Local\Temp\surefire7187747609110016495 2022-01-29T21-01-43_752-jvmRun1 surefire5324115300426923323tmp surefire_04684304564666743906tmp"/>
    <property name="surefire.test.class.path" value="C:\Users\Ridouan Aicha\Documents\ZZ3\AAC\KnapsackAndSubsetSum\target\test-classes;C:\Users\Ridouan Aicha\Documents\ZZ3\AAC\KnapsackAndSubsetSum\target\classes;C:\Users\Ridouan Aicha\.m2\repository\org\junit\jupiter\junit-jupiter\5.8.2\junit-jupiter-5.8.2.jar;C:\Users\Ridouan Aicha\.m2\repository\org\junit\jupiter\junit-jupiter-api\5.8.2\junit-jupiter-api-5.8.2.jar;C:\Users\Ridouan Aicha\.m2\repository\org\opentest4j\opentest4j\1.2.0\opentest4j-1.2.0.jar;C:\Users\Ridouan Aicha\.m2\repository\org\junit\platform\junit-platform-commons\1.8.2\junit-platform-commons-1.8.2.jar;C:\Users\Ridouan Aicha\.m2\repository\org\apiguardian\apiguardian-api\1.1.2\apiguardian-api-1.1.2.jar;C:\Users\Ridouan Aicha\.m2\repository\org\junit\jupiter\junit-jupiter-params\5.8.2\junit-jupiter-params-5.8.2.jar;C:\Users\Ridouan Aicha\.m2\repository\org\junit\jupiter\junit-jupiter-engine\5.8.2\junit-jupiter-engine-5.8.2.jar;C:\Users\Ridouan Aicha\.m2\repository\org\junit\platform\junit-platform-engine\1.8.2\junit-platform-engine-1.8.2.jar;"/>
    <property name="sun.cpu.endian" value="little"/>
    <property name="user.home" value="C:\Users\Ridouan Aicha"/>
    <property name="user.language" value="en"/>
    <property name="java.specification.vendor" value="Oracle Corporation"/>
    <property name="java.home" value="C:\Program Files\Java\jdk1.8.0_271\jre"/>
    <property name="basedir" value="C:\Users\Ridouan Aicha\Documents\ZZ3\AAC\KnapsackAndSubsetSum"/>
    <property name="file.separator" value="\"/>
    <property name="line.separator" value="&#10;"/>
    <property name="java.vm.specification.vendor" value="Oracle Corporation"/>
    <property name="java.specification.name" value="Java Platform API Specification"/>
    <property name="java.awt.graphicsenv" value="sun.awt.Win32GraphicsEnvironment"/>
    <property name="surefire.real.class.path" value="C:\Users\Ridouan Aicha\AppData\Local\Temp\surefire7187747609110016495\surefirebooter8139049566127093405.jar"/>
    <property name="sun.boot.class.path" value="C:\Program Files\Java\jdk1.8.0_271\jre\lib\resources.jar;C:\Program Files\Java\jdk1.8.0_271\jre\lib\rt.jar;C:\Program Files\Java\jdk1.8.0_271\jre\lib\sunrsasign.jar;C:\Program Files\Java\jdk1.8.0_271\jre\lib\jsse.jar;C:\Program Files\Java\jdk1.8.0_271\jre\lib\jce.jar;C:\Program Files\Java\jdk1.8.0_271\jre\lib\charsets.jar;C:\Program Files\Java\jdk1.8.0_271\jre\lib\jfr.jar;C:\Program Files\Java\jdk1.8.0_271\jre\classes"/>
    <property name="user.script" value=""/>
    <property name="sun.management.compiler" value="HotSpot 64-Bit Tiered Compilers"/>
    <property name="java.runtime.version" value="1.8.0_271-b09"/>
    <property name="user.name" value="Ridouan Aicha"/>
    <property name="path.separator" value=";"/>
    <property name="os.version" value="10.0"/>
    <property name="java.endorsed.dirs" value="C:\Program Files\Java\jdk1.8.0_271\jre\lib\endorsed"/>
    <property name="java.runtime.name" value="Java(TM) SE Runtime Environment"/>
    <property name="file.encoding" value="Cp1252"/>
    <property name="java.vm.name" value="Java HotSpot(TM) 64-Bit Server VM"/>
    <property name="localRepository" value="C:\Users\Ridouan Aicha\.m2\repository"/>
    <property name="java.vendor.url.bug" value="http://bugreport.sun.com/bugreport/"/>
    <property name="java.io.tmpdir" value="C:\Users\RIDOUA~1\AppData\Local\Temp\"/>
    <property name="idea.version" value="2021.2.3"/>
    <property name="java.version" value="1.8.0_271"/>
    <property name="user.dir" value="C:\Users\Ridouan Aicha\Documents\ZZ3\AAC\KnapsackAndSubsetSum"/>
    <property name="os.arch" value="amd64"/>
    <property name="java.vm.specification.name" value="Java Virtual Machine Specification"/>
    <property name="java.awt.printerjob" value="sun.awt.windows.WPrinterJob"/>
    <property name="sun.os.patch.level" value=""/>
    <property name="java.library.path" value="C:\Program Files\Java\jdk1.8.0_271\jre\bin;C:\WINDOWS\Sun\Java\bin;C:\WINDOWS\system32;C:\WINDOWS;C:\Program Files\Common Files\Oracle\Java\javapath;C:\Program Files (x86)\Common Files\Oracle\Java\javapath;C:\WINDOWS\system32;C:\WINDOWS;C:\WINDOWS\System32\Wbem;C:\WINDOWS\System32\WindowsPowerShell\v1.0\;C:\WINDOWS\System32\OpenSSH\;C:\Program Files\Git\cmd;C:\Program Files\nodejs\;C:\Program Files\Java\jdk1.8.0_271\bin;C:\Program Files\dotnet\;C:\Program Files\Microsoft SQL Server\Client SDK\ODBC\170\Tools\Binn\;C:\Program Files (x86)\Microsoft SQL Server\150\Tools\Binn\;C:\Program Files\Microsoft SQL Server\150\Tools\Binn\;C:\Program Files\Microsoft SQL Server\150\DTS\Binn\;C:\Program Files\Microsoft SQL Server\Client SDK\ODBC\130\Tools\Binn\;C:\Program Files\Microsoft SQL Server\130\Tools\Binn\;C:\Users\Ridouan Aicha\AppData\Local\Microsoft\WindowsApps;C:\Users\Ridouan Aicha\AppData\Local\Programs\Microsoft VS Code\bin;C:\Program Files\Java\jdk-13\bin;C:\MinGW\bin;C:\Users\Ridouan Aicha\AppData\Local\atom\bin;C:\Program Files\JetBrains\IntelliJ IDEA Community Edition 2021.2.3\bin;C:\Users\Ridouan Aicha\AppData\Roaming\npm;C:\Users\Ridouan Aicha\.dotnet\tools;C:\Program Files\Azure Data Studio\bin;C:\Users\Ridouan Aicha\AppData\Local\Microsoft\WindowsApps;C:\Program Files\CMake\bin;C:\Program Files (x86)\GnuWin32\bin;."/>
    <property name="java.vm.info" value="mixed mode"/>
    <property name="java.vendor" value="Oracle Corporation"/>
    <property name="java.vm.version" value="25.271-b09"/>
    <property name="java.ext.dirs" value="C:\Program Files\Java\jdk1.8.0_271\jre\lib\ext;C:\WINDOWS\Sun\Java\lib\ext"/>
    <property name="sun.io.unicode.encoding" value="UnicodeLittle"/>
    <property name="java.class.version" value="52.0"/>
  </properties>
  <testcase name="Dynamic_TargetSumIs0_ReturnsTrue" classname="SubsetSumTest" time="0.047"/>
  <testcase name="Backtracking_TargetSumIsNegative_ReturnsFalse" classname="SubsetSumTest" time="0"/>
  <testcase name="Recursion_TheSetContainsOnly0_ReturnsFalse" classname="SubsetSumTest" time="0"/>
  <testcase name="Dynamic_TheSumIsNotInTheSet_ReturnsFalse" classname="SubsetSumTest" time="0"/>
  <testcase name="Dynamic_TheSetContainsZeros_ReturnsFalse" classname="SubsetSumTest" time="0"/>
  <testcase name="Recursion_TheSumIsInTheSet_ReturnsTrue" classname="SubsetSumTest" time="0.016"/>
  <testcase name="Backtracking_SetIsEmpty_ReturnsFalse" classname="SubsetSumTest" time="0"/>
  <testcase name="Backtracking_CurrentIndexIs1AndTheTargetSumIsNotInTheSubSet_ReturnsFalse" classname="SubsetSumTest" time="0"/>
  <testcase name="Recursion_TheSumIsNotInTheSet_ReturnsFalse" classname="SubsetSumTest" time="0"/>
  <testcase name="Dynamic_TheSumIsInTheSet_ReturnsTrue" classname="SubsetSumTest" time="0"/>
  <testcase name="Recursion_SetIsNull_ReturnsFalse" classname="SubsetSumTest" time="0"/>
  <testcase name="Dynamic_SetIsNull_ReturnsFalse" classname="SubsetSumTest" time="0"/>
  <testcase name="Recursion_TargetSumIsNegative_ReturnsFalse" classname="SubsetSumTest" time="0"/>
  <testcase name="Recursion_TargetSumIsNot0AndLengthIs0_ReturnsFalse" classname="SubsetSumTest" time="0"/>
  <testcase name="Backtracking_CurrentSumIsBiggerThanTargetSum_ReturnsFalse" classname="SubsetSumTest" time="0"/>
  <testcase name="Recursion_SetIsEmpty_ReturnsFalse" classname="SubsetSumTest" time="0"/>
  <testcase name="Dynamic_SetIsEmpty_ReturnsFalse" classname="SubsetSumTest" time="0"/>
  <testcase name="Backtracking_TargetSumIs0_ReturnsTrue" classname="SubsetSumTest" time="0"/>
  <testcase name="Recursion_TargetSumIs0_ReturnsTrue" classname="SubsetSumTest" time="0"/>
</testsuite>